2025-11-20 20:34:42,583 - INFO - Sending MARKET order: BUY 0.01 BTCUSDT
2025-11-20 20:34:42,951 - INFO - Market Order Success: ID 10472366293
2025-11-20 20:34:51,405 - INFO - Sending LIMIT order: BUY 0.01 BTCUSDT
2025-11-20 20:34:52,041 - INFO - Limit Order Success: ID 10472372652 at $90000.0
2025-11-20 20:35:00,867 - INFO - Starting TWAP: 0.05 BTCUSDT over 1m in 5 slices.
2025-11-20 20:35:00,867 - INFO - Executing TWAP Slice 1/5
2025-11-20 20:35:00,867 - INFO - Sending MARKET order: BUY 0.01 BTCUSDT
2025-11-20 20:35:13,360 - INFO - Executing TWAP Slice 2/5
2025-11-20 20:35:13,362 - INFO - Sending MARKET order: BUY 0.01 BTCUSDT
2025-11-20 20:35:25,659 - INFO - Executing TWAP Slice 3/5
2025-11-20 20:35:25,659 - INFO - Sending MARKET order: BUY 0.01 BTCUSDT
2025-11-20 20:35:38,348 - INFO - Executing TWAP Slice 4/5
2025-11-20 20:35:38,349 - INFO - Sending MARKET order: BUY 0.01 BTCUSDT
2025-11-20 20:35:50,667 - INFO - Executing TWAP Slice 5/5
2025-11-20 20:35:50,667 - INFO - Sending MARKET order: BUY 0.01 BTCUSDT
2025-11-20 20:35:51,502 - INFO - TWAP Strategy Completed.
2025-11-20 20:37:14,265 - INFO - Sending MARKET order: BUY 0.01 BTCUSDT
2025-11-20 20:37:14,705 - INFO - Market Order Success: ID 10472442110
2025-11-20 20:38:08,025 - INFO - Sending LIMIT order: BUY 0.01 BTCUSDT
2025-11-20 20:38:08,195 - INFO - Limit Order Success: ID 10472466944 at $90000.0
2025-11-20 20:38:29,337 - INFO - Sending MARKET order: BUY 0.01 BTCUSDT
2025-11-20 20:38:29,646 - INFO - Market Order Success: ID 10472477175
2025-11-20 20:39:27,617 - INFO - Starting TWAP: 0.05 BTCUSDT over 1m in 5 slices.
2025-11-20 20:39:27,617 - INFO - Executing TWAP Slice 1/5
2025-11-20 20:39:27,617 - INFO - Sending MARKET order: BUY 0.01 BTCUSDT
2025-11-20 20:39:39,954 - INFO - Executing TWAP Slice 2/5
2025-11-20 20:39:39,957 - INFO - Sending MARKET order: BUY 0.01 BTCUSDT
2025-11-20 20:39:46,204 - INFO - Bot stopped by user.
2025-11-20 20:39:50,608 - INFO - Starting TWAP: 0.05 BTCUSDT over 1m in 5 slices.
2025-11-20 20:39:50,608 - INFO - Executing TWAP Slice 1/5
2025-11-20 20:39:50,608 - INFO - Sending MARKET order: BUY 0.01 BTCUSDT
2025-11-20 20:40:02,919 - INFO - Executing TWAP Slice 2/5
2025-11-20 20:40:02,922 - INFO - Sending MARKET order: BUY 0.01 BTCUSDT
2025-11-20 20:40:15,302 - INFO - Executing TWAP Slice 3/5
2025-11-20 20:40:15,303 - INFO - Sending MARKET order: BUY 0.01 BTCUSDT
2025-11-20 20:40:27,719 - INFO - Executing TWAP Slice 4/5
2025-11-20 20:40:27,725 - INFO - Sending MARKET order: BUY 0.01 BTCUSDT
2025-11-20 20:40:40,147 - INFO - Executing TWAP Slice 5/5
2025-11-20 20:40:40,148 - INFO - Sending MARKET order: BUY 0.01 BTCUSDT
2025-11-20 20:40:40,560 - INFO - TWAP Strategy Completed.
